<?xml version="1.0" encoding="UTF-8"?>
<!-- Generated by org.testng.reporters.JUnitReportReporter -->
<testsuite hostname="DESKTOP-Q5AIAC8" failures="0" tests="2" name="tests.AlmosaferTests" time="٤.٤٣٧" errors="0" timestamp="٢٠٢٣-١١-٠٣T١٤:٢٢:٠٦ AST" skipped="0">
  <testcase classname="tests.AlmosaferTests" name="TestGet" time="٣.١٥٥"/>
  <system-out/>
  <testcase classname="tests.AlmosaferTests" name="TestPost" time="١.٢٨٢"/>
  <system-out/>
</testsuite> <!-- tests.AlmosaferTests -->
